<?xml version="1.0" encoding="UTF-8"?>
<!-- Generated by org.testng.reporters.JUnitReportReporter -->
<testsuite hostname="LAPTOP-MUNDMCAQ" failures="0" tests="2" name="tests.LoginTest" time="13.656" errors="0" timestamp="2025-05-16T14:55:32 IST" skipped="0">
  <testcase classname="tests.LoginTest" name="testLogin" time="6.830"/>
  <testcase classname="tests.LoginTest" name="testLogin" time="6.826"/>
</testsuite> <!-- tests.LoginTest -->
