<?xml version="1.0" encoding="UTF-8"?>
<!-- Generated by org.testng.reporters.JUnitReportReporter -->
<testsuite hostname="LAPTOP-MUNDMCAQ" failures="0" tests="2" name="tests.LoginTest" time="32.199" errors="0" timestamp="2025-06-20T12:24:40 IST" skipped="0">
  <testcase classname="tests.LoginTest" name="testLogin" time="10.804"/>
  <testcase classname="tests.LoginTest" name="testLogin" time="21.395"/>
</testsuite> <!-- tests.LoginTest -->
