<?xml version="1.0" encoding="UTF-8"?>
<!-- Generated by org.testng.reporters.JUnitReportReporter -->
<testsuite hostname="LAPTOP-MUNDMCAQ" failures="0" tests="1" name="tests.LoginTest" time="5.514" errors="0" timestamp="2025-06-20T15:49:42 IST" skipped="0">
  <testcase classname="tests.LoginTest" name="testLogin" time="5.514"/>
</testsuite> <!-- tests.LoginTest -->
