<?xml version="1.0" encoding="UTF-8"?>
<!-- Generated by org.testng.reporters.JUnitReportReporter -->
<testsuite hostname="LAPTOP-MUNDMCAQ" failures="0" tests="2" name="tests.LoginTest" time="15.247" errors="0" timestamp="2025-06-20T15:22:03 IST" skipped="0">
  <testcase classname="tests.LoginTest" name="testLogin" time="8.003"/>
  <testcase classname="tests.LoginTest" name="testLogin" time="7.244"/>
</testsuite> <!-- tests.LoginTest -->
